Using pre-set license
Built from '2021.1/release' branch; Version is '2021.1.1f1 (6fdc41dfa55a) revision 7330881'; Using compiler version '192528614'; Build Type 'Release'
OS: 'Windows 10 Home; OS build 19041.985; Version 2004; 64bit' Language: 'en' Physical Memory: 16230 MB
BatchMode: 1, IsHumanControllingUs: 0, StartBugReporterOnCrash: 0, Is64bit: 1, IsPro: 0

 COMMAND LINE ARGUMENTS:
C:\Program Files\Unity\Hub\Editor\2021.1.1f1\Editor\Unity.exe
-adb2
-batchMode
-noUpm
-name
AssetImportWorker0
-projectPath
C:/programing2/Unity/Dino
-logFile
Logs/AssetImportWorker0.log
-srvPort
60493
Successfully changed project path to: C:/programing2/Unity/Dino
C:/programing2/Unity/Dino
Using Asset Import Pipeline V2.
Refreshing native plugins compatible for Editor in 151.46 ms, found 2 plugins.
Preloading 0 native plugins for Editor in 0.00 ms.
Initialize engine version: 2021.1.1f1 (6fdc41dfa55a)
[Subsystems] Discovering subsystems at path C:/Program Files/Unity/Hub/Editor/2021.1.1f1/Editor/Data/Resources/UnitySubsystems
[Subsystems] Discovering subsystems at path C:/programing2/Unity/Dino/Assets
GfxDevice: creating device client; threaded=0; jobified=0
Direct3D:
    Version:  Direct3D 11.0 [level 11.1]
    Renderer: NVIDIA GeForce GTX 1060 (ID=0x1c20)
    Vendor:   NVIDIA
    VRAM:     6052 MB
    Driver:   24.21.13.9835
Initialize mono
Mono path[0] = 'C:/Program Files/Unity/Hub/Editor/2021.1.1f1/Editor/Data/Managed'
Mono path[1] = 'C:/Program Files/Unity/Hub/Editor/2021.1.1f1/Editor/Data/MonoBleedingEdge/lib/mono/unityjit'
Mono config path = 'C:/Program Files/Unity/Hub/Editor/2021.1.1f1/Editor/Data/MonoBleedingEdge/etc'
Using monoOptions --debugger-agent=transport=dt_socket,embedding=1,server=y,suspend=n,address=127.0.0.1:56032
Begin MonoManager ReloadAssembly
Registering precompiled unity dll's ...
Register platform support module: C:/Program Files/Unity/Hub/Editor/2021.1.1f1/Editor/Data/PlaybackEngines/WindowsStandaloneSupport/UnityEditor.WindowsStandalone.Extensions.dll
Registered in 0.002414 seconds.
Native extension for WindowsStandalone target not found
Refreshing native plugins compatible for Editor in 181.46 ms, found 2 plugins.
Preloading 0 native plugins for Editor in 0.00 ms.
Mono: successfully reloaded assembly
- Completed reload, in  1.613 seconds
Platform modules already initialized, skipping
Registering precompiled user dll's ...
Registered in 0.011052 seconds.
Begin MonoManager ReloadAssembly
Native extension for WindowsStandalone target not found
Refreshing native plugins compatible for Editor in 154.90 ms, found 2 plugins.
Preloading 0 native plugins for Editor in 0.00 ms.
Mono: successfully reloaded assembly
- Completed reload, in  1.428 seconds
Platform modules already initialized, skipping
========================================================================
Worker process is ready to serve import requests
Launched and connected shader compiler UnityShaderCompiler.exe after 0.04 seconds
Refreshing native plugins compatible for Editor in 1.27 ms, found 2 plugins.
Preloading 0 native plugins for Editor in 0.00 ms.
Unloading 3689 Unused Serialized files (Serialized files now loaded: 0)
System memory in use before: 146.5 MB.
System memory in use after: 146.5 MB.

Unloading 31 unused Assets to reduce memory usage. Loaded Objects now: 4143.
Total: 2.991800 ms (FindLiveObjects: 0.407300 ms CreateObjectMapping: 0.254400 ms MarkObjects: 2.209200 ms  DeleteObjects: 0.119600 ms)

========================================================================
Received Import Request.
  path: Assets/Scripts/AIGraphicsScript.cs
  artifactKey: Guid(4b051128480fa21459c389182e630499) Importer(815301076,1909f56bfc062723c751e8b465ee728b)
Start importing Assets/Scripts/AIGraphicsScript.cs using Guid(4b051128480fa21459c389182e630499) Importer(815301076,1909f56bfc062723c751e8b465ee728b)  -> (artifact id: 'a7affea1f9bedc82034f2cb820c06daf') in 0.068913 seconds 
========================================================================
Received Prepare
Registering precompiled user dll's ...
Registered in 0.005415 seconds.
Begin MonoManager ReloadAssembly
Native extension for WindowsStandalone target not found
Refreshing native plugins compatible for Editor in 1.27 ms, found 2 plugins.
Preloading 0 native plugins for Editor in 0.00 ms.
Mono: successfully reloaded assembly
- Completed reload, in  1.002 seconds
Platform modules already initialized, skipping
Refreshing native plugins compatible for Editor in 1.27 ms, found 2 plugins.
Preloading 0 native plugins for Editor in 0.00 ms.
Unloading 3661 Unused Serialized files (Serialized files now loaded: 0)
System memory in use before: 144.3 MB.
System memory in use after: 144.4 MB.

Unloading 19 unused Assets to reduce memory usage. Loaded Objects now: 4147.
Total: 2.569300 ms (FindLiveObjects: 0.269600 ms CreateObjectMapping: 0.151300 ms MarkObjects: 2.062500 ms  DeleteObjects: 0.085100 ms)

========================================================================
Received Import Request.
  Time since last request: 486.090371 seconds.
  path: Assets/Scripts/AIGraphicsScript.cs
  artifactKey: Guid(4b051128480fa21459c389182e630499) Importer(815301076,1909f56bfc062723c751e8b465ee728b)
Start importing Assets/Scripts/AIGraphicsScript.cs using Guid(4b051128480fa21459c389182e630499) Importer(815301076,1909f56bfc062723c751e8b465ee728b)  -> (artifact id: 'efad333cd842ebdfdaf16f14b9ae37b8') in 0.020688 seconds 
========================================================================
Received Import Request.
  Time since last request: 1.177379 seconds.
  path: Assets/Scripts/BatMoving.cs
  artifactKey: Guid(cbb1a9ff451945c45aa662295b75f048) Importer(815301076,1909f56bfc062723c751e8b465ee728b)
Start importing Assets/Scripts/BatMoving.cs using Guid(cbb1a9ff451945c45aa662295b75f048) Importer(815301076,1909f56bfc062723c751e8b465ee728b)  -> (artifact id: 'a13b184e6bb90089935a0ecc5781b2e5') in 0.008849 seconds 
========================================================================
Received Prepare
Registering precompiled user dll's ...
Registered in 0.005249 seconds.
Begin MonoManager ReloadAssembly
Native extension for WindowsStandalone target not found
Refreshing native plugins compatible for Editor in 1.91 ms, found 2 plugins.
Preloading 0 native plugins for Editor in 0.00 ms.
Mono: successfully reloaded assembly
- Completed reload, in  1.018 seconds
Platform modules already initialized, skipping
Refreshing native plugins compatible for Editor in 1.24 ms, found 2 plugins.
Preloading 0 native plugins for Editor in 0.00 ms.
Unloading 3660 Unused Serialized files (Serialized files now loaded: 0)
System memory in use before: 144.4 MB.
System memory in use after: 144.5 MB.

Unloading 20 unused Assets to reduce memory usage. Loaded Objects now: 4150.
Total: 3.751900 ms (FindLiveObjects: 0.331100 ms CreateObjectMapping: 0.191600 ms MarkObjects: 3.138700 ms  DeleteObjects: 0.089400 ms)

========================================================================
Received Prepare
Registering precompiled user dll's ...
Registered in 0.005204 seconds.
Begin MonoManager ReloadAssembly
Native extension for WindowsStandalone target not found
Refreshing native plugins compatible for Editor in 1.28 ms, found 2 plugins.
Preloading 0 native plugins for Editor in 0.00 ms.
Mono: successfully reloaded assembly
- Completed reload, in  1.005 seconds
Platform modules already initialized, skipping
Refreshing native plugins compatible for Editor in 1.23 ms, found 2 plugins.
Preloading 0 native plugins for Editor in 0.00 ms.
Unloading 3660 Unused Serialized files (Serialized files now loaded: 0)
System memory in use before: 144.3 MB.
System memory in use after: 144.4 MB.

Unloading 19 unused Assets to reduce memory usage. Loaded Objects now: 4154.
Total: 2.890800 ms (FindLiveObjects: 0.297300 ms CreateObjectMapping: 0.234800 ms MarkObjects: 2.265600 ms  DeleteObjects: 0.092100 ms)

========================================================================
Received Prepare
Registering precompiled user dll's ...
Registered in 0.005352 seconds.
Begin MonoManager ReloadAssembly
Native extension for WindowsStandalone target not found
Refreshing native plugins compatible for Editor in 1.21 ms, found 2 plugins.
Preloading 0 native plugins for Editor in 0.00 ms.
Mono: successfully reloaded assembly
- Completed reload, in  1.047 seconds
Platform modules already initialized, skipping
Refreshing native plugins compatible for Editor in 1.28 ms, found 2 plugins.
Preloading 0 native plugins for Editor in 0.00 ms.
Unloading 3660 Unused Serialized files (Serialized files now loaded: 0)
System memory in use before: 144.4 MB.
System memory in use after: 144.5 MB.

Unloading 19 unused Assets to reduce memory usage. Loaded Objects now: 4158.
Total: 2.833300 ms (FindLiveObjects: 0.317100 ms CreateObjectMapping: 0.280200 ms MarkObjects: 2.144700 ms  DeleteObjects: 0.090300 ms)

========================================================================
Received Prepare
Registering precompiled user dll's ...
Registered in 0.005359 seconds.
Begin MonoManager ReloadAssembly
Native extension for WindowsStandalone target not found
Refreshing native plugins compatible for Editor in 1.28 ms, found 2 plugins.
Preloading 0 native plugins for Editor in 0.00 ms.
Mono: successfully reloaded assembly
- Completed reload, in  1.012 seconds
Platform modules already initialized, skipping
Refreshing native plugins compatible for Editor in 1.25 ms, found 2 plugins.
Preloading 0 native plugins for Editor in 0.00 ms.
Unloading 3660 Unused Serialized files (Serialized files now loaded: 0)
System memory in use before: 144.4 MB.
System memory in use after: 144.5 MB.

Unloading 19 unused Assets to reduce memory usage. Loaded Objects now: 4162.
Total: 3.172500 ms (FindLiveObjects: 0.451400 ms CreateObjectMapping: 0.293600 ms MarkObjects: 2.333800 ms  DeleteObjects: 0.092500 ms)

========================================================================
Received Import Request.
  Time since last request: 518.918523 seconds.
  path: Assets/Scripts/GrassHopper.cs
  artifactKey: Guid(ccd8f1f08a424f9449dad8661494d08d) Importer(815301076,1909f56bfc062723c751e8b465ee728b)
Start importing Assets/Scripts/GrassHopper.cs using Guid(ccd8f1f08a424f9449dad8661494d08d) Importer(815301076,1909f56bfc062723c751e8b465ee728b)  -> (artifact id: 'de404bd5dcd0f233a26ab4e1c655dcf2') in 0.011694 seconds 
========================================================================
Received Prepare
Registering precompiled user dll's ...
Registered in 0.005285 seconds.
Begin MonoManager ReloadAssembly
Native extension for WindowsStandalone target not found
Refreshing native plugins compatible for Editor in 1.24 ms, found 2 plugins.
Preloading 0 native plugins for Editor in 0.00 ms.
Mono: successfully reloaded assembly
- Completed reload, in  0.987 seconds
Platform modules already initialized, skipping
Refreshing native plugins compatible for Editor in 1.32 ms, found 2 plugins.
Preloading 0 native plugins for Editor in 0.00 ms.
Unloading 3659 Unused Serialized files (Serialized files now loaded: 0)
System memory in use before: 144.3 MB.
System memory in use after: 144.4 MB.

Unloading 20 unused Assets to reduce memory usage. Loaded Objects now: 4165.
Total: 4.432600 ms (FindLiveObjects: 0.384300 ms CreateObjectMapping: 0.285700 ms MarkObjects: 3.623600 ms  DeleteObjects: 0.137600 ms)

========================================================================
Received Prepare
Registering precompiled user dll's ...
Registered in 0.005199 seconds.
Begin MonoManager ReloadAssembly
Native extension for WindowsStandalone target not found
Refreshing native plugins compatible for Editor in 1.64 ms, found 2 plugins.
Preloading 0 native plugins for Editor in 0.00 ms.
Mono: successfully reloaded assembly
- Completed reload, in  1.050 seconds
Platform modules already initialized, skipping
Refreshing native plugins compatible for Editor in 1.24 ms, found 2 plugins.
Preloading 0 native plugins for Editor in 0.00 ms.
Unloading 3659 Unused Serialized files (Serialized files now loaded: 0)
System memory in use before: 144.4 MB.
System memory in use after: 144.5 MB.

Unloading 19 unused Assets to reduce memory usage. Loaded Objects now: 4169.
Total: 3.533200 ms (FindLiveObjects: 0.489900 ms CreateObjectMapping: 0.244600 ms MarkObjects: 2.591600 ms  DeleteObjects: 0.206400 ms)

========================================================================
Received Prepare
Registering precompiled user dll's ...
Registered in 0.005611 seconds.
Begin MonoManager ReloadAssembly
Native extension for WindowsStandalone target not found
Refreshing native plugins compatible for Editor in 1.23 ms, found 2 plugins.
Preloading 0 native plugins for Editor in 0.00 ms.
Mono: successfully reloaded assembly
- Completed reload, in  0.995 seconds
Platform modules already initialized, skipping
Refreshing native plugins compatible for Editor in 1.24 ms, found 2 plugins.
Preloading 0 native plugins for Editor in 0.00 ms.
Unloading 3659 Unused Serialized files (Serialized files now loaded: 0)
System memory in use before: 144.5 MB.
System memory in use after: 144.6 MB.

Unloading 19 unused Assets to reduce memory usage. Loaded Objects now: 4173.
Total: 5.093100 ms (FindLiveObjects: 0.433600 ms CreateObjectMapping: 0.288000 ms MarkObjects: 4.205600 ms  DeleteObjects: 0.163900 ms)

========================================================================
Received Import Request.
  Time since last request: 1139.568077 seconds.
  path: Assets/Scripts/Enemy.cs
  artifactKey: Guid(232ed9956bcb4834094d97976b710a41) Importer(815301076,1909f56bfc062723c751e8b465ee728b)
Start importing Assets/Scripts/Enemy.cs using Guid(232ed9956bcb4834094d97976b710a41) Importer(815301076,1909f56bfc062723c751e8b465ee728b)  -> (artifact id: 'ec8df75a2359f3abab2b54f696a2ff41') in 0.010228 seconds 
========================================================================
Received Prepare
Registering precompiled user dll's ...
Registered in 0.013618 seconds.
Begin MonoManager ReloadAssembly
Native extension for WindowsStandalone target not found
Refreshing native plugins compatible for Editor in 1.21 ms, found 2 plugins.
Preloading 0 native plugins for Editor in 0.00 ms.
Mono: successfully reloaded assembly
- Completed reload, in  0.954 seconds
Platform modules already initialized, skipping
Refreshing native plugins compatible for Editor in 1.21 ms, found 2 plugins.
Preloading 0 native plugins for Editor in 0.00 ms.
Unloading 3659 Unused Serialized files (Serialized files now loaded: 0)
System memory in use before: 144.4 MB.
System memory in use after: 144.5 MB.

Unloading 19 unused Assets to reduce memory usage. Loaded Objects now: 4177.
Total: 2.853400 ms (FindLiveObjects: 0.308100 ms CreateObjectMapping: 0.241300 ms MarkObjects: 2.208100 ms  DeleteObjects: 0.094900 ms)

========================================================================
Received Prepare
Registering precompiled user dll's ...
Registered in 0.005222 seconds.
Begin MonoManager ReloadAssembly
Native extension for WindowsStandalone target not found
Refreshing native plugins compatible for Editor in 1.31 ms, found 2 plugins.
Preloading 0 native plugins for Editor in 0.00 ms.
Mono: successfully reloaded assembly
- Completed reload, in  1.029 seconds
Platform modules already initialized, skipping
Refreshing native plugins compatible for Editor in 1.21 ms, found 2 plugins.
Preloading 0 native plugins for Editor in 0.00 ms.
Unloading 3659 Unused Serialized files (Serialized files now loaded: 0)
System memory in use before: 144.5 MB.
System memory in use after: 144.6 MB.

Unloading 19 unused Assets to reduce memory usage. Loaded Objects now: 4181.
Total: 2.671800 ms (FindLiveObjects: 0.289000 ms CreateObjectMapping: 0.168900 ms MarkObjects: 2.118300 ms  DeleteObjects: 0.094800 ms)

========================================================================
Received Import Request.
  Time since last request: 625.811894 seconds.
  path: Assets/Scripts/Enemy.cs
  artifactKey: Guid(232ed9956bcb4834094d97976b710a41) Importer(815301076,1909f56bfc062723c751e8b465ee728b)
Start importing Assets/Scripts/Enemy.cs using Guid(232ed9956bcb4834094d97976b710a41) Importer(815301076,1909f56bfc062723c751e8b465ee728b)  -> (artifact id: '3e4658f3bae6cc6f94530e0e1a235e37') in 0.013770 seconds 
========================================================================
Received Prepare
Registering precompiled user dll's ...
Registered in 0.005347 seconds.
Begin MonoManager ReloadAssembly
Native extension for WindowsStandalone target not found
Refreshing native plugins compatible for Editor in 1.29 ms, found 2 plugins.
Preloading 0 native plugins for Editor in 0.00 ms.
Mono: successfully reloaded assembly
- Completed reload, in  1.186 seconds
Platform modules already initialized, skipping
Refreshing native plugins compatible for Editor in 1.25 ms, found 2 plugins.
Preloading 0 native plugins for Editor in 0.00 ms.
Unloading 3659 Unused Serialized files (Serialized files now loaded: 0)
System memory in use before: 144.5 MB.
System memory in use after: 144.6 MB.

Unloading 19 unused Assets to reduce memory usage. Loaded Objects now: 4185.
Total: 3.220800 ms (FindLiveObjects: 0.393500 ms CreateObjectMapping: 0.407900 ms MarkObjects: 2.320900 ms  DeleteObjects: 0.096300 ms)

========================================================================
Received Prepare
Registering precompiled user dll's ...
Registered in 0.006320 seconds.
Begin MonoManager ReloadAssembly
Native extension for WindowsStandalone target not found
Refreshing native plugins compatible for Editor in 1.70 ms, found 2 plugins.
Preloading 0 native plugins for Editor in 0.00 ms.
Mono: successfully reloaded assembly
- Completed reload, in  1.130 seconds
Platform modules already initialized, skipping
Refreshing native plugins compatible for Editor in 1.44 ms, found 2 plugins.
Preloading 0 native plugins for Editor in 0.00 ms.
Unloading 3659 Unused Serialized files (Serialized files now loaded: 0)
System memory in use before: 144.4 MB.
System memory in use after: 144.5 MB.

Unloading 19 unused Assets to reduce memory usage. Loaded Objects now: 4189.
Total: 5.411300 ms (FindLiveObjects: 0.365400 ms CreateObjectMapping: 0.188800 ms MarkObjects: 4.754200 ms  DeleteObjects: 0.101300 ms)

